Run started at 2025-11-05T01:17:15.725062+00:00
Base directory: /Users/abdulaaqib/Developer/Github/arc_encode_hack
Command file: /Users/abdulaaqib/Developer/Github/arc_encode_hack/blockchain_terminal_commands.txt
================================================================================
# # Environment setup (run once per terminal session)

--------------------------------------------------------------------------------
Timestamp: 2025-11-05T01:17:15.726019+00:00
Working directory: /Users/abdulaaqib/Developer/Github/arc_encode_hack
Command: source /Users/abdulaaqib/Developer/Github/arc_encode_hack/.env
Result: sourced env file
/Users/abdulaaqib/Developer/Github/arc_encode_hack/.env

--------------------------------------------------------------------------------
Timestamp: 2025-11-05T01:17:15.726233+00:00
Working directory: /Users/abdulaaqib/Developer/Github/arc_encode_hack
Command: cd /Users/abdulaaqib/Developer/Github/arc_encode_hack/blockchain_code
Result: changed directory
/Users/abdulaaqib/Developer/Github/arc_encode_hack/blockchain_code

--------------------------------------------------------------------------------
Timestamp: 2025-11-05T01:17:15.726262+00:00
Working directory: /Users/abdulaaqib/Developer/Github/arc_encode_hack/blockchain_code
Command: forge build
Exit code: 0
STDOUT:
No files changed, compilation skipped
STDERR:
<empty>
# # Deploy LendingPool (constructor takes the initial owner address)

--------------------------------------------------------------------------------
Timestamp: 2025-11-05T01:17:15.933893+00:00
Working directory: /Users/abdulaaqib/Developer/Github/arc_encode_hack/blockchain_code
Command: forge create src/LendingPool.sol:LendingPool   --rpc-url $ARC_TESTNET_RPC_URL   --private-key $PRIVATE_KEY   --broadcast --constructor-args $INITIAL_OWNER_ADDRESS
Exit code: 0
STDOUT:
No files changed, compilation skipped
Deployer: 0x02f146589746D7460fab2f55666b3010E370c834
Deployed to: 0x7a20AeFdfEDA219735629e766971bF35A3c4e69f
Transaction hash: 0x01c80d73a3ca2525b0fc953ef4d1872f06e1b03637dcf053296b2def1f0ca46e
STDERR:
<empty>
# # Owner: set TrustMint SBT gate address (set to 0x0 to disable)

--------------------------------------------------------------------------------
Timestamp: 2025-11-05T01:17:18.466839+00:00
Working directory: /Users/abdulaaqib/Developer/Github/arc_encode_hack/blockchain_code
Command: cast send $LENDING_POOL_ADDRESS "setTrustMintSbt(address)"   $TRUST_MINT_SBT_ADDRESS   --rpc-url $ARC_TESTNET_RPC_URL --private-key $PRIVATE_KEY
Exit code: 0
STDOUT:

blockHash            0x90ec668d9633f417622ed16e20d4005682c1d8a83d1ffada3db931e4cff5c721
blockNumber          9484330
contractAddress      
cumulativeGasUsed    47578
effectiveGasPrice    165000000000
from                 0x02f146589746D7460fab2f55666b3010E370c834
gasUsed              47578
logs                 [{"address":"0xfd0343bc2c0a63d7de528021e5fc7bbf9f0169e3","topics":["0xaa9995c7871ff959a666aa6b7ca1f3412134af474641445bbbcb414297ae609d","0x000000000000000000000000c570abb715c7e51801ae7dea5b08af53c6718bad"],"data":"0x","blockHash":"0x90ec668d9633f417622ed16e20d4005682c1d8a83d1ffada3db931e4cff5c721","blockNumber":"0x90b82a","blockTimestamp":"0x690aa59f","transactionHash":"0x19283627cb9a35d85f430d9606c583f3a3696acde37b8a4a3db4a98e21706213","transactionIndex":"0x0","logIndex":"0x0","removed":false}]
logsBloom            0x00000000000000000000000000000000000000000000000000000000000000000000000000000000000000000000000000000000040000000000004000000000000000000000000000000000000000000000000000000000000000000000000000000000000000000000000000000000000000000000000000000200000000000000000000000000000000000000000200000000000000000000000000000000000000000000000000000000000000000000000000000000000000000000000020000000002000000000000000000000000000100000000000000000000000000000000000000000000000000000000080000000200000000000000000000000
root                 
status               1 (success)
transactionHash      0x19283627cb9a35d85f430d9606c583f3a3696acde37b8a4a3db4a98e21706213
transactionIndex     0
type                 2
blobGasPrice         
blobGasUsed          
to                   0xfd0343bC2C0a63d7DE528021e5fC7Bbf9f0169E3
STDERR:
<empty>
# # Owner: update minimum TrustMint score required to borrow

--------------------------------------------------------------------------------
Timestamp: 2025-11-05T01:17:20.728921+00:00
Working directory: /Users/abdulaaqib/Developer/Github/arc_encode_hack/blockchain_code
Command: cast send $LENDING_POOL_ADDRESS "setMinScoreToBorrow(uint256)"   600   --rpc-url $ARC_TESTNET_RPC_URL --private-key $PRIVATE_KEY
Exit code: 0
STDOUT:

blockHash            0x4825a9ae392113450b273fc46a53919b77ad824dbc8b7c37595aca650162e2e4
blockNumber          9484335
contractAddress      
cumulativeGasUsed    27346
effectiveGasPrice    165000000000
from                 0x02f146589746D7460fab2f55666b3010E370c834
gasUsed              27346
logs                 [{"address":"0xfd0343bc2c0a63d7de528021e5fc7bbf9f0169e3","topics":["0xb455257d871a528beaae4dbcbc426518173f952cb78df2f489b78ffee1d2ed68"],"data":"0x0000000000000000000000000000000000000000000000000000000000000258","blockHash":"0x4825a9ae392113450b273fc46a53919b77ad824dbc8b7c37595aca650162e2e4","blockNumber":"0x90b82f","blockTimestamp":"0x690aa5a1","transactionHash":"0x3544b1dd93a9934ebd5b2a39e34af94ea5ce6eb44909dba46052ce564af3ded1","transactionIndex":"0x0","logIndex":"0x0","removed":false}]
logsBloom            0x00000000000000000000000000000000000000000000000000000000000000000000000000000000000000000000000000000000200000000000000000000000000000000000000000000000000000000000000000000000004000000000000000000000000000000000000000000000000000000000000000000200000000000000000000000000000000000000000000000000000000000000000000000000000000000000000000000000000000000000000000000000000000000000000000000000002000000000000000000000000000000000000000000000000000000000000000000000000000000000000000000000200000000000000100000000
root                 
status               1 (success)
transactionHash      0x3544b1dd93a9934ebd5b2a39e34af94ea5ce6eb44909dba46052ce564af3ded1
transactionIndex     0
type                 2
blobGasPrice         
blobGasUsed          
to                   0xfd0343bC2C0a63d7DE528021e5fC7Bbf9f0169E3
STDERR:
<empty>
# # Owner: set global deposit lock duration in seconds (testing: ~0.5s -> 1 second)

--------------------------------------------------------------------------------
Timestamp: 2025-11-05T01:17:23.045035+00:00
Working directory: /Users/abdulaaqib/Developer/Github/arc_encode_hack/blockchain_code
Command: cast send $LENDING_POOL_ADDRESS "setDepositLockSeconds(uint256)"   1   --rpc-url $ARC_TESTNET_RPC_URL --private-key $PRIVATE_KEY
Exit code: 0
STDOUT:

blockHash            0x8b361a9d3dc4098343da05f9a1d25a5b2977f9c8869ff87ee0ad32da6b0e80eb
blockNumber          9484339
contractAddress      
cumulativeGasUsed    47235
effectiveGasPrice    165000000000
from                 0x02f146589746D7460fab2f55666b3010E370c834
gasUsed              47235
logs                 [{"address":"0xfd0343bc2c0a63d7de528021e5fc7bbf9f0169e3","topics":["0x02268818be5925ce542ade99597b183da46cbce13054e3d8a385d4b74d32a181"],"data":"0x0000000000000000000000000000000000000000000000000000000000000001","blockHash":"0x8b361a9d3dc4098343da05f9a1d25a5b2977f9c8869ff87ee0ad32da6b0e80eb","blockNumber":"0x90b833","blockTimestamp":"0x690aa5a3","transactionHash":"0xad84c96f2d4552be8d00e364ee98bb05c0e790e9fafa38ff169f2ebdcf42df57","transactionIndex":"0x0","logIndex":"0x0","removed":false}]
logsBloom            0x00000000000000000000000000000000000000000000010000000000000000000000000000000000000000000000000000000000000000000000000000000000000000000000000000000000000000000000000000000000000000000000000000000000000000000000002000000000000000000000000000000200000000000000000000000000000000000000000000000000000000000000000000000000000000000000000000000000000000000000000000000000000000000000000000000000002000000000000000000000000000000000000000000000000000000000000000000000000000000000000000000000200080000000000000000000
root                 
status               1 (success)
transactionHash      0xad84c96f2d4552be8d00e364ee98bb05c0e790e9fafa38ff169f2ebdcf42df57
transactionIndex     0
type                 2
blobGasPrice         
blobGasUsed          
to                   0xfd0343bC2C0a63d7DE528021e5fC7Bbf9f0169E3
STDERR:
<empty>
# # Lender: deposit native token (amount and --value must match, in wei)

--------------------------------------------------------------------------------
Timestamp: 2025-11-05T01:17:25.290578+00:00
Working directory: /Users/abdulaaqib/Developer/Github/arc_encode_hack/blockchain_code
Command: cast send $LENDING_POOL_ADDRESS "deposit(uint256)"   1000000   --rpc-url $ARC_TESTNET_RPC_URL   --private-key $LENDER_PRIVATE_KEY --value 1000000
Exit code: 0
STDOUT:

blockHash            0x9cee8d197a4ee14ad0222310c5c9f7dfeae854cbc290b7b9ffba6020c4eaafe4
blockNumber          9484344
contractAddress      
cumulativeGasUsed    116182
effectiveGasPrice    165000000000
from                 0x02f146589746D7460fab2f55666b3010E370c834
gasUsed              116182
logs                 [{"address":"0x1800000000000000000000000000000000000000","topics":["0x62f084c00a442dcf51cdbb51beed2839bf42a268da8474b0e98f38edb7db5a22","0x00000000000000000000000002f146589746d7460fab2f55666b3010e370c834","0x000000000000000000000000fd0343bc2c0a63d7de528021e5fc7bbf9f0169e3"],"data":"0x00000000000000000000000000000000000000000000000000000000000f4240","blockHash":"0x9cee8d197a4ee14ad0222310c5c9f7dfeae854cbc290b7b9ffba6020c4eaafe4","blockNumber":"0x90b838","blockTimestamp":"0x690aa5a6","transactionHash":"0x861b44424716fbc15addef06dacedfbbba272a86f920ccbe356b3b62bc4cd871","transactionIndex":"0x0","logIndex":"0x0","removed":false},{"address":"0xfd0343bc2c0a63d7de528021e5fc7bbf9f0169e3","topics":["0x73a19dd210f1a7f902193214c0ee91dd35ee5b4d920cba8d519eca65a7b488ca","0x00000000000000000000000002f146589746d7460fab2f55666b3010e370c834"],"data":"0x00000000000000000000000000000000000000000000000000000000000f424000000000000000000000000000000000000000000000000000000000690aa5a6","blockHash":"0x9cee8d197a4ee14ad0222310c5c9f7dfeae854cbc290b7b9ffba6020c4eaafe4","blockNumber":"0x90b838","blockTimestamp":"0x690aa5a6","transactionHash":"0x861b44424716fbc15addef06dacedfbbba272a86f920ccbe356b3b62bc4cd871","transactionIndex":"0x0","logIndex":"0x1","removed":false}]
logsBloom            0x00000000000000000000000000000000000000000000000000400000000000000000000000000000000900000000000000000000000000000000000000020000000000000000000000000800000000000002000001000000000000000000000000000000000000000000000000000000000000000000040000000200000000000040000000000000000000000000000000000000040000000000000000000000000000000000000000000000000000012000002000000000000000000000000000000000002000004000000010000000000000000000000000000000000000000000000000000000000000000000000000000000200000000000000000000000
root                 
status               1 (success)
transactionHash      0x861b44424716fbc15addef06dacedfbbba272a86f920ccbe356b3b62bc4cd871
transactionIndex     0
type                 2
blobGasPrice         
blobGasUsed          
to                   0xfd0343bC2C0a63d7DE528021e5fC7Bbf9f0169E3
STDERR:
<empty>
# # Lender: withdraw unlocked funds after lock expires (amount in wei, 1 USDC)

--------------------------------------------------------------------------------
Timestamp: 2025-11-05T01:17:27.540765+00:00
Working directory: /Users/abdulaaqib/Developer/Github/arc_encode_hack/blockchain_code
Command: cast send $LENDING_POOL_ADDRESS "withdraw(uint256)"   1000000   --rpc-url $ARC_TESTNET_RPC_URL --private-key $LENDER_PRIVATE_KEY
Exit code: 0
STDOUT:

blockHash            0x60a230149901506e149b44490a42d0cd5da4f70942c6ac1dda82eddd1d2995da
blockNumber          9484348
contractAddress      
cumulativeGasUsed    89014
effectiveGasPrice    165000000000
from                 0x02f146589746D7460fab2f55666b3010E370c834
gasUsed              89014
logs                 [{"address":"0x1800000000000000000000000000000000000000","topics":["0x62f084c00a442dcf51cdbb51beed2839bf42a268da8474b0e98f38edb7db5a22","0x000000000000000000000000fd0343bc2c0a63d7de528021e5fc7bbf9f0169e3","0x00000000000000000000000002f146589746d7460fab2f55666b3010e370c834"],"data":"0x00000000000000000000000000000000000000000000000000000000000f4240","blockHash":"0x60a230149901506e149b44490a42d0cd5da4f70942c6ac1dda82eddd1d2995da","blockNumber":"0x90b83c","blockTimestamp":"0x690aa5a8","transactionHash":"0xdbad677133bc6ee04228803101db09b00916c67c18bebb1f6cfe2e8fa2932fe2","transactionIndex":"0x0","logIndex":"0x0","removed":false},{"address":"0xfd0343bc2c0a63d7de528021e5fc7bbf9f0169e3","topics":["0x7084f5476618d8e60b11ef0d7d3f06914655adb8793e28ff7f018d4c76d505d5","0x00000000000000000000000002f146589746d7460fab2f55666b3010e370c834"],"data":"0x00000000000000000000000000000000000000000000000000000000000f4240","blockHash":"0x60a230149901506e149b44490a42d0cd5da4f70942c6ac1dda82eddd1d2995da","blockNumber":"0x90b83c","blockTimestamp":"0x690aa5a8","transactionHash":"0xdbad677133bc6ee04228803101db09b00916c67c18bebb1f6cfe2e8fa2932fe2","transactionIndex":"0x0","logIndex":"0x1","removed":false}]
logsBloom            0x00000000000000000000000000000000000000000000000000400000000000000000000000000000000000000000000000000000000000000000000000020000000000000000000000000800000000000002000001000004000000000000000000000000000000000000000000000000000000000000040000000200000000000040000000000000000100000000000000000000040000000000000000000000000000000000000000000000000000010000002000000000000000000000000000000000002200004000000010000000000000000000000000000000000000000000000000000000000000000000000000000000200000000000000000000000
root                 
status               1 (success)
transactionHash      0xdbad677133bc6ee04228803101db09b00916c67c18bebb1f6cfe2e8fa2932fe2
transactionIndex     0
type                 2
blobGasPrice         
blobGasUsed          
to                   0xfd0343bC2C0a63d7DE528021e5fC7Bbf9f0169E3
STDERR:
<empty>
# # Owner: open a loan for a borrower (principal in wei, term in seconds)

--------------------------------------------------------------------------------
Timestamp: 2025-11-05T01:17:29.780462+00:00
Working directory: /Users/abdulaaqib/Developer/Github/arc_encode_hack/blockchain_code
Command: cast send $LENDING_POOL_ADDRESS "openLoan(address,uint256,uint256)"   $BORROWER_ADDRESS   1000000   604800   --rpc-url $ARC_TESTNET_RPC_URL --private-key $PRIVATE_KEY
Exit code: 1
STDOUT:
<empty>
STDERR:
Error: Failed to estimate gas: server returned an error response: error code 3: execution reverted, data: "0xbcf56fa900000000000000000000000000000000000000000000000000000000000f42400000000000000000000000000000000000000000000000000000000000000000": PoolLiquidityInsufficient(1000000 [1e6], 0)
# # Borrower: repay outstanding loan amount (amount and --value must match)

--------------------------------------------------------------------------------
Timestamp: 2025-11-05T01:17:30.266779+00:00
Working directory: /Users/abdulaaqib/Developer/Github/arc_encode_hack/blockchain_code
Command: cast send $LENDING_POOL_ADDRESS "repay(uint256)"   1000000   --rpc-url $ARC_TESTNET_RPC_URL   --private-key $BORROWER_PRIVATE_KEY --value 1000000
Exit code: 1
STDOUT:
<empty>
STDERR:
Error: Failed to estimate gas: server returned an error response: error code 3: execution reverted, data: "0x0722f1dc": NoActiveLoan
# # Anyone: check for borrower default and mark banned if overdue

--------------------------------------------------------------------------------
Timestamp: 2025-11-05T01:17:30.731239+00:00
Working directory: /Users/abdulaaqib/Developer/Github/arc_encode_hack/blockchain_code
Command: cast send $LENDING_POOL_ADDRESS "checkDefaultAndBan(address)"   $BORROWER_ADDRESS   --rpc-url $ARC_TESTNET_RPC_URL --private-key $PRIVATE_KEY
Exit code: 0
STDOUT:

blockHash            0xf5c99cc6969203f2aa2d2d07632de301edb802ba74bb1998b697ff284b44d907
blockNumber          9484354
contractAddress      
cumulativeGasUsed    24271
effectiveGasPrice    167500000000
from                 0x02f146589746D7460fab2f55666b3010E370c834
gasUsed              24271
logs                 []
logsBloom            0x00000000000000000000000000000000000000000000000000000000000000000000000000000000000000000000000000000000000000000000000000000000000000000000000000000000000000000000000000000000000000000000000000000000000000000000000000000000000000000000000000000000000000000000000000000000000000000000000000000000000000000000000000000000000000000000000000000000000000000000000000000000000000000000000000000000000000000000000000000000000000000000000000000000000000000000000000000000000000000000000000000000000000000000000000000000
root                 
status               1 (success)
transactionHash      0xaa464f01e3df142599668166fe06371f64f8bcc145a8aa1d07482c38ab33ab61
transactionIndex     0
type                 2
blobGasPrice         
blobGasUsed          
to                   0xfd0343bC2C0a63d7DE528021e5fC7Bbf9f0169E3
STDERR:
<empty>
# # Owner: unban a borrower after resolving default

--------------------------------------------------------------------------------
Timestamp: 2025-11-05T01:17:32.939406+00:00
Working directory: /Users/abdulaaqib/Developer/Github/arc_encode_hack/blockchain_code
Command: cast send $LENDING_POOL_ADDRESS "unban(address)"   $BORROWER_ADDRESS   --rpc-url $ARC_TESTNET_RPC_URL --private-key $PRIVATE_KEY
Exit code: 1
STDOUT:
<empty>
STDERR:
Error: Failed to estimate gas: server returned an error response: error code 3: execution reverted, data: "0x97219a5800000000000000000000000002f146589746d7460fab2f55666b3010e370c834": BorrowerNotBanned(0x02f146589746D7460fab2f55666b3010E370c834)
# # --- Default scenario (force ban then unban) ---
# # Owner: open a short-term loan to trigger default (1 second term, no repayment)

--------------------------------------------------------------------------------
Timestamp: 2025-11-05T01:17:33.423127+00:00
Working directory: /Users/abdulaaqib/Developer/Github/arc_encode_hack/blockchain_code
Command: cast send $LENDING_POOL_ADDRESS "openLoan(address,uint256,uint256)"   $BORROWER_ADDRESS   1000000   1   --rpc-url $ARC_TESTNET_RPC_URL --private-key $PRIVATE_KEY
Exit code: 1
STDOUT:
<empty>
STDERR:
Error: Failed to estimate gas: server returned an error response: error code 3: execution reverted, data: "0xbcf56fa900000000000000000000000000000000000000000000000000000000000f42400000000000000000000000000000000000000000000000000000000000000000": PoolLiquidityInsufficient(1000000 [1e6], 0)
# # Wait for the loan due time to pass

--------------------------------------------------------------------------------
Timestamp: 2025-11-05T01:17:33.888385+00:00
Working directory: /Users/abdulaaqib/Developer/Github/arc_encode_hack/blockchain_code
Command: sleep 2
Exit code: 0
STDOUT:
<empty>
STDERR:
<empty>
# # Anyone: check default and ban (should ban borrower)

--------------------------------------------------------------------------------
Timestamp: 2025-11-05T01:17:35.909627+00:00
Working directory: /Users/abdulaaqib/Developer/Github/arc_encode_hack/blockchain_code
Command: cast send $LENDING_POOL_ADDRESS "checkDefaultAndBan(address)"   $BORROWER_ADDRESS   --rpc-url $ARC_TESTNET_RPC_URL --private-key $PRIVATE_KEY
Exit code: 0
STDOUT:

blockHash            0x2b0a07b2283d04e0a5f0f6b90fc09b2370b486e73d909f729a7601ff484a60f0
blockNumber          9484365
contractAddress      
cumulativeGasUsed    24271
effectiveGasPrice    168750000000
from                 0x02f146589746D7460fab2f55666b3010E370c834
gasUsed              24271
logs                 []
logsBloom            0x00000000000000000000000000000000000000000000000000000000000000000000000000000000000000000000000000000000000000000000000000000000000000000000000000000000000000000000000000000000000000000000000000000000000000000000000000000000000000000000000000000000000000000000000000000000000000000000000000000000000000000000000000000000000000000000000000000000000000000000000000000000000000000000000000000000000000000000000000000000000000000000000000000000000000000000000000000000000000000000000000000000000000000000000000000000
root                 
status               1 (success)
transactionHash      0xfb886a2c502545333800d40ea6dd7228dd2c08f4cbcf7385f7c85e84cd14a8db
transactionIndex     0
type                 2
blobGasPrice         
blobGasUsed          
to                   0xfd0343bC2C0a63d7DE528021e5fC7Bbf9f0169E3
STDERR:
<empty>
# # View: confirm borrower is banned

--------------------------------------------------------------------------------
Timestamp: 2025-11-05T01:17:38.148126+00:00
Working directory: /Users/abdulaaqib/Developer/Github/arc_encode_hack/blockchain_code
Command: cast call $LENDING_POOL_ADDRESS "isBanned(address)(bool)"   $BORROWER_ADDRESS --rpc-url $ARC_TESTNET_RPC_URL
Exit code: 0
STDOUT:
false
STDERR:
<empty>
# # Owner: unban borrower to restore access

--------------------------------------------------------------------------------
Timestamp: 2025-11-05T01:17:38.442824+00:00
Working directory: /Users/abdulaaqib/Developer/Github/arc_encode_hack/blockchain_code
Command: cast send $LENDING_POOL_ADDRESS "unban(address)"   $BORROWER_ADDRESS   --rpc-url $ARC_TESTNET_RPC_URL --private-key $PRIVATE_KEY
Exit code: 1
STDOUT:
<empty>
STDERR:
Error: Failed to estimate gas: server returned an error response: error code 3: execution reverted, data: "0x97219a5800000000000000000000000002f146589746d7460fab2f55666b3010e370c834": BorrowerNotBanned(0x02f146589746D7460fab2f55666b3010E370c834)
# # View: confirm borrower is no longer banned

--------------------------------------------------------------------------------
Timestamp: 2025-11-05T01:17:38.912228+00:00
Working directory: /Users/abdulaaqib/Developer/Github/arc_encode_hack/blockchain_code
Command: cast call $LENDING_POOL_ADDRESS "isBanned(address)(bool)"   $BORROWER_ADDRESS --rpc-url $ARC_TESTNET_RPC_URL
Exit code: 0
STDOUT:
false
STDERR:
<empty>
# # View: check if a borrower is currently banned

--------------------------------------------------------------------------------
Timestamp: 2025-11-05T01:17:39.194645+00:00
Working directory: /Users/abdulaaqib/Developer/Github/arc_encode_hack/blockchain_code
Command: cast call $LENDING_POOL_ADDRESS "isBanned(address)(bool)"   $BORROWER_ADDRESS --rpc-url $ARC_TESTNET_RPC_URL
Exit code: 0
STDOUT:
false
STDERR:
<empty>
# # View: retrieve full loan tuple for a borrower

--------------------------------------------------------------------------------
Timestamp: 2025-11-05T01:17:39.490802+00:00
Working directory: /Users/abdulaaqib/Developer/Github/arc_encode_hack/blockchain_code
Command: cast call $LENDING_POOL_ADDRESS "getLoan(address)(uint256,uint256,uint256,uint256,bool)"   $BORROWER_ADDRESS --rpc-url $ARC_TESTNET_RPC_URL
Exit code: 0
STDOUT:
0
0
0
0
false
STDERR:
<empty>
# # View: lender net balance (totalDeposited - totalWithdrawn)

--------------------------------------------------------------------------------
Timestamp: 2025-11-05T01:17:39.796008+00:00
Working directory: /Users/abdulaaqib/Developer/Github/arc_encode_hack/blockchain_code
Command: cast call $LENDING_POOL_ADDRESS "lenderBalance(address)(uint256)"   $LENDER_ADDRESS --rpc-url $ARC_TESTNET_RPC_URL
Exit code: 0
STDOUT:
0
STDERR:
<empty>
# # View: preview how much a lender can withdraw right now

--------------------------------------------------------------------------------
Timestamp: 2025-11-05T01:17:40.085960+00:00
Working directory: /Users/abdulaaqib/Developer/Github/arc_encode_hack/blockchain_code
Command: cast call $LENDING_POOL_ADDRESS "previewWithdraw(address)(uint256)"   $LENDER_ADDRESS --rpc-url $ARC_TESTNET_RPC_URL
Exit code: 0
STDOUT:
0
STDERR:
<empty>
# # View: inspect underlying deposit entries (returns array of (amount,timestamp))

--------------------------------------------------------------------------------
Timestamp: 2025-11-05T01:17:40.372980+00:00
Working directory: /Users/abdulaaqib/Developer/Github/arc_encode_hack/blockchain_code
Command: cast call $LENDING_POOL_ADDRESS "getDeposits(address)((uint128,uint64)[])"   $LENDER_ADDRESS --rpc-url $ARC_TESTNET_RPC_URL
Exit code: 0
STDOUT:
[(0, 1762305446 [1.762e9])]
STDERR:
<empty>
# # View: check pool liquidity (native token balance held by the contract)

--------------------------------------------------------------------------------
Timestamp: 2025-11-05T01:17:40.677723+00:00
Working directory: /Users/abdulaaqib/Developer/Github/arc_encode_hack/blockchain_code
Command: cast call $LENDING_POOL_ADDRESS "availableLiquidity()(uint256)" --rpc-url $ARC_TESTNET_RPC_URL
Exit code: 0
STDOUT:
0
STDERR:
<empty>
# # View: total liquidity tracked by the pool (deposits minus withdrawals)

--------------------------------------------------------------------------------
Timestamp: 2025-11-05T01:17:41.007954+00:00
Working directory: /Users/abdulaaqib/Developer/Github/arc_encode_hack/blockchain_code
Command: cast call $LENDING_POOL_ADDRESS "totalDeposits()(uint256)" --rpc-url $ARC_TESTNET_RPC_URL
Exit code: 0
STDOUT:
0
STDERR:
<empty>
# # View: per-lender accounting helpers

--------------------------------------------------------------------------------
Timestamp: 2025-11-05T01:17:41.305830+00:00
Working directory: /Users/abdulaaqib/Developer/Github/arc_encode_hack/blockchain_code
Command: cast call $LENDING_POOL_ADDRESS "totalDeposited(address)(uint256)"   $LENDER_ADDRESS --rpc-url $ARC_TESTNET_RPC_URL
Exit code: 0
STDOUT:
1000000 [1e6]
STDERR:
<empty>

--------------------------------------------------------------------------------
Timestamp: 2025-11-05T01:17:41.600877+00:00
Working directory: /Users/abdulaaqib/Developer/Github/arc_encode_hack/blockchain_code
Command: cast call $LENDING_POOL_ADDRESS "totalWithdrawn(address)(uint256)"   $LENDER_ADDRESS --rpc-url $ARC_TESTNET_RPC_URL
Exit code: 0
STDOUT:
1000000 [1e6]
STDERR:
<empty>

--------------------------------------------------------------------------------
Timestamp: 2025-11-05T01:17:41.889795+00:00
Working directory: /Users/abdulaaqib/Developer/Github/arc_encode_hack/blockchain_code
Command: cast call $LENDING_POOL_ADDRESS "nextWithdrawalIndex(address)(uint256)"   $LENDER_ADDRESS --rpc-url $ARC_TESTNET_RPC_URL
Exit code: 0
STDOUT:
1
STDERR:
<empty>
# # View: current TrustMint settings and deposit lock duration

--------------------------------------------------------------------------------
Timestamp: 2025-11-05T01:17:42.189240+00:00
Working directory: /Users/abdulaaqib/Developer/Github/arc_encode_hack/blockchain_code
Command: cast call $LENDING_POOL_ADDRESS "trustMintSbt()(address)" --rpc-url $ARC_TESTNET_RPC_URL
Exit code: 0
STDOUT:
0xc570aBb715c7E51801AE7dea5B08Af53c6718BAD
STDERR:
<empty>

--------------------------------------------------------------------------------
Timestamp: 2025-11-05T01:17:42.483605+00:00
Working directory: /Users/abdulaaqib/Developer/Github/arc_encode_hack/blockchain_code
Command: cast call $LENDING_POOL_ADDRESS "minScoreToBorrow()(uint256)" --rpc-url $ARC_TESTNET_RPC_URL
Exit code: 0
STDOUT:
600
STDERR:
<empty>

--------------------------------------------------------------------------------
Timestamp: 2025-11-05T01:17:42.780257+00:00
Working directory: /Users/abdulaaqib/Developer/Github/arc_encode_hack/blockchain_code
Command: cast call $LENDING_POOL_ADDRESS "depositLockSeconds()(uint256)" --rpc-url $ARC_TESTNET_RPC_URL
Exit code: 0
STDOUT:
1
STDERR:
<empty>
